<component name="libraryTable">
  <library name="junit-4.13">
    <CLASSES>
      <root url="jar://$USER_HOME$/Desktop/Advance Programing/lab5/lib need/junit-4.13.jar!/" />
    </CLASSES>
    <JAVADOC />
    <SOURCES />
  </library>
</component>